<?xml version="1.0" encoding="UTF-8"?>
<!-- Generated by org.testng.reporters.JUnitReportReporter -->
<testsuite skipped="0" hostname="IraKusnindi" name="SeleniumJavaFramework.SeleniumJavaFramework.TestEfishery" tests="3" failures="0" timestamp="2020-06-21T17:35:04 ICT" time="10.685" errors="0">
  <testcase name="test1" time="1.526" classname="SeleniumJavaFramework.SeleniumJavaFramework.TestEfishery"/>
  <system-out/>
  <testcase name="test2" time="7.368" classname="SeleniumJavaFramework.SeleniumJavaFramework.TestEfishery"/>
  <system-out/>
  <testcase name="test3" time="1.791" classname="SeleniumJavaFramework.SeleniumJavaFramework.TestEfishery"/>
  <system-out/>
</testsuite> <!-- SeleniumJavaFramework.SeleniumJavaFramework.TestEfishery -->
