<?xml version="1.0" encoding="UTF-8"?>
<!-- Generated by org.testng.reporters.JUnitReportReporter -->
<testsuite skipped="0" hostname="IraKusnindi" name="com.efishery.ira.TestEfishery" tests="3" failures="0" timestamp="2020-06-21T17:48:48 ICT" time="10.496" errors="0">
  <testcase name="test1" time="1.533" classname="com.efishery.ira.TestEfishery"/>
  <system-out/>
  <testcase name="test2" time="7.413" classname="com.efishery.ira.TestEfishery"/>
  <system-out/>
  <testcase name="test3" time="1.550" classname="com.efishery.ira.TestEfishery"/>
  <system-out/>
</testsuite> <!-- com.efishery.ira.TestEfishery -->
